<?xml version="1.0"?><coverage lines-covered="62" lines-valid="99" line-rate="0.6262626262626263" branches-covered="0" branches-valid="0" branch-rate="0" complexity="0" version="1.9" timestamp="1749663932"><sources><source>/Users/johnathan/Dev/personal/supabase_auth_rs</source></sources><packages><package name="examples" line-rate="0" branch-rate="0" complexity="0"><classes></classes></package><package name="src" line-rate="0.6262626262626263" branch-rate="0" complexity="0"><classes><class name="delete_user" filename="src/delete_user.rs" line-rate="1" branch-rate="0" complexity="0"><methods/><lines><line number="46" hits="2"/><line number="118" hits="20"/></lines></class><class name="get_user" filename="src/get_user.rs" line-rate="0.2" branch-rate="0" complexity="0"><methods/><lines><line number="42" hits="10"/><line number="119" hits="2"/><line number="174" hits="0"/><line number="175" hits="0"/><line number="176" hits="0"/><line number="177" hits="0"/><line number="178" hits="0"/><line number="180" hits="0"/><line number="181" hits="0"/><line number="183" hits="0"/></lines></class><class name="lib" filename="src/lib.rs" line-rate="0.7291666666666666" branch-rate="0" complexity="0"><methods/><lines><line number="88" hits="2"/><line number="89" hits="2"/><line number="109" hits="21"/><line number="110" hits="21"/><line number="111" hits="0"/><line number="113" hits="21"/><line number="114" hits="0"/><line number="117" hits="21"/><line number="118" hits="21"/><line number="119" hits="21"/><line number="120" hits="21"/><line number="121" hits="21"/><line number="122" hits="21"/><line number="123" hits="21"/><line number="124" hits="21"/><line number="142" hits="3"/><line number="143" hits="3"/><line number="160" hits="2"/><line number="161" hits="2"/><line number="162" hits="2"/><line number="166" hits="2"/><line number="167" hits="2"/><line number="168" hits="2"/><line number="172" hits="1"/><line number="173" hits="1"/><line number="174" hits="1"/><line number="182" hits="3"/><line number="183" hits="6"/><line number="184" hits="2"/><line number="186" hits="0"/><line number="187" hits="0"/><line number="188" hits="0"/><line number="189" hits="0"/><line number="190" hits="0"/><line number="191" hits="0"/><line number="192" hits="0"/><line number="193" hits="0"/><line number="212" hits="4"/><line number="213" hits="5"/><line number="214" hits="0"/><line number="215" hits="1"/><line number="217" hits="4"/><line number="218" hits="0"/><line number="219" hits="1"/><line number="221" hits="3"/><line number="222" hits="0"/><line number="223" hits="1"/><line number="225" hits="1"/></lines></class><class name="logout" filename="src/logout.rs" line-rate="1" branch-rate="0" complexity="0"><methods/><lines><line number="36" hits="2"/></lines></class><class name="refresh_token" filename="src/refresh_token.rs" line-rate="1" branch-rate="0" complexity="0"><methods/><lines><line number="52" hits="4"/></lines></class><class name="signin_with_password" filename="src/signin_with_password.rs" line-rate="1" branch-rate="0" complexity="0"><methods/><lines><line number="57" hits="5"/><line number="67" hits="5"/></lines></class><class name="signup" filename="src/signup.rs" line-rate="0.5151515151515151" branch-rate="0" complexity="0"><methods/><lines><line number="77" hits="13"/><line number="83" hits="26"/><line number="85" hits="12"/><line number="92" hits="1"/><line number="98" hits="26"/><line number="99" hits="13"/><line number="100" hits="13"/><line number="101" hits="13"/><line number="102" hits="13"/><line number="103" hits="13"/><line number="104" hits="13"/><line number="105" hits="13"/><line number="106" hits="13"/><line number="108" hits="0"/><line number="109" hits="0"/><line number="110" hits="0"/><line number="111" hits="0"/><line number="115" hits="13"/><line number="116" hits="26"/><line number="117" hits="0"/><line number="118" hits="0"/><line number="119" hits="0"/><line number="120" hits="0"/><line number="123" hits="0"/><line number="124" hits="3"/><line number="126" hits="20"/><line number="127" hits="0"/><line number="128" hits="0"/><line number="129" hits="0"/><line number="130" hits="0"/><line number="134" hits="0"/><line number="135" hits="0"/><line number="137" hits="0"/></lines></class><class name="util" filename="src/util.rs" line-rate="1" branch-rate="0" complexity="0"><methods/><lines><line number="6" hits="50"/><line number="10" hits="25"/></lines></class></classes></package><package name="tests" line-rate="0" branch-rate="0" complexity="0"><classes></classes></package><package name="src/models" line-rate="0" branch-rate="0" complexity="0"><classes></classes></package></packages></coverage>